Start testing: Nov 23 09:24 CET
----------------------------------------------------------
1/10 Testing: VolatilitySurfaceConstruction
1/10 Test: VolatilitySurfaceConstruction
Command: "/Users/patrikliba/CLionProjects/CppFM/build/test_volatility_surface_construction"
Directory: /Users/patrikliba/CLionProjects/CppFM/build
"VolatilitySurfaceConstruction" start time: Nov 23 09:24 CET
Output:
----------------------------------------------------------
Running main() from /Users/patrikliba/CLionProjects/CppFM/build/_deps/googletest-src/googletest/src/gtest_main.cc
[==========] Running 0 tests from 0 test suites.
[==========] 0 tests from 0 test suites ran. (0 ms total)
[  PASSED  ] 0 tests.
<end of output>
Test time =   0.19 sec
----------------------------------------------------------
Test Passed.
"VolatilitySurfaceConstruction" end time: Nov 23 09:24 CET
"VolatilitySurfaceConstruction" time elapsed: 00:00:00
----------------------------------------------------------

2/10 Testing: VolatilitySurfaceInterpolation
2/10 Test: VolatilitySurfaceInterpolation
Command: "/Users/patrikliba/CLionProjects/CppFM/build/test_interpolation"
Directory: /Users/patrikliba/CLionProjects/CppFM/build
"VolatilitySurfaceInterpolation" start time: Nov 23 09:24 CET
Output:
----------------------------------------------------------
Running main() from /Users/patrikliba/CLionProjects/CppFM/build/_deps/googletest-src/googletest/src/gtest_main.cc
[==========] Running 17 tests from 5 test suites.
[----------] Global test environment set-up.
[----------] 6 tests from LinearInterpolationTest
[ RUN      ] LinearInterpolationTest.ConstructorValidation
[       OK ] LinearInterpolationTest.ConstructorValidation (1 ms)
[ RUN      ] LinearInterpolationTest.InterpolationAtKnownPoints

=== Linear Interpolation - Exact Data Points ===
Test Data:
  X:      0.0     0.5     1.0     1.5     2.0     2.5     3.0
  Y:    1.000   0.800   0.600   0.400   0.200   0.000  -0.200
  Interpolation at x=0.00: expected=1.000000, actual=1.000000 [PASS]
  Interpolation at x=0.50: expected=0.800000, actual=0.800000 [PASS]
  Interpolation at x=1.00: expected=0.600000, actual=0.600000 [PASS]
  Interpolation at x=1.50: expected=0.400000, actual=0.400000 [PASS]
  Interpolation at x=2.00: expected=0.200000, actual=0.200000 [PASS]
  Interpolation at x=2.50: expected=0.000000, actual=0.000000 [PASS]
  Interpolation at x=3.00: expected=-0.200000, actual=-0.200000 [PASS]
[       OK ] LinearInterpolationTest.InterpolationAtKnownPoints (0 ms)
[ RUN      ] LinearInterpolationTest.InterpolationBetweenPoints

=== Linear Interpolation - Between Data Points ===
Test Data:
  X:      0.0     0.5     1.0     1.5     2.0     2.5     3.0
  Y:    1.000   0.800   0.600   0.400   0.200   0.000  -0.200
  Between (0.0,0.5) at x=0.25: expected=0.900000, actual=0.900000 [PASS]
  Between (1.0,1.5) at x=1.25: expected=0.500000, actual=0.500000 [PASS]
[       OK ] LinearInterpolationTest.InterpolationBetweenPoints (0 ms)
[ RUN      ] LinearInterpolationTest.ExtrapolationBehavior

=== Linear Interpolation - Extrapolation ===
Test Data:
  X:      0.0     0.5     1.0     1.5     2.0     2.5     3.0
  Y:    1.000   0.800   0.600   0.400   0.200   0.000  -0.200
  Left extrapolation at x=-0.500: 1.200 [FINITE]
  Right extrapolation at x=3.500: 0.010 [FINITE]
[       OK ] LinearInterpolationTest.ExtrapolationBehavior (0 ms)
[ RUN      ] LinearInterpolationTest.RangeFunctionality
[       OK ] LinearInterpolationTest.RangeFunctionality (0 ms)
[ RUN      ] LinearInterpolationTest.CloneFunctionality
[       OK ] LinearInterpolationTest.CloneFunctionality (0 ms)
[----------] 6 tests from LinearInterpolationTest (1 ms total)

[----------] 6 tests from CubicSplineInterpolationTest
[ RUN      ] CubicSplineInterpolationTest.ConstructorValidation
[       OK ] CubicSplineInterpolationTest.ConstructorValidation (0 ms)
[ RUN      ] CubicSplineInterpolationTest.InterpolationAtKnownPoints

=== Cubic Spline - Exact Data Points ===
Test Data:
  X:      0.0     1.0     2.0     3.0     4.0
  Y:    1.000   0.000   1.000   4.000   9.000
  Cubic spline at x=0.00: expected=1.000000, actual=1.000000 [PASS]
  Cubic spline at x=1.00: expected=0.000000, actual=0.000000 [PASS]
  Cubic spline at x=2.00: expected=1.000000, actual=1.000000 [PASS]
  Cubic spline at x=3.00: expected=4.000000, actual=4.000000 [PASS]
  Cubic spline at x=4.00: expected=9.000000, actual=9.000000 [PASS]
[       OK ] CubicSplineInterpolationTest.InterpolationAtKnownPoints (0 ms)
[ RUN      ] CubicSplineInterpolationTest.DerivativeCalculation

=== Cubic Spline - Derivatives ===
Test Data:
  X:      0.0     1.0     2.0     3.0     4.0
  Y:    1.000   0.000   1.000   4.000   9.000

Derivatives at data points:
  NOTE: Test function is f(x) = x² - 2x + 1, so f'(x) = 2x - 2
  Cubic splines create smooth curves but may not match analytical derivatives exactly
  Spline derivative at x=0.00: spline=-1.428571, analytical=-2.000000, diff=0.571429 [FINITE]
  Spline derivative at x=1.00: spline=-0.142857, analytical=0.000000, diff=0.142857 [FINITE]
  Spline derivative at x=2.00: spline=2.000000, analytical=2.000000, diff=0.000000 [FINITE]
  Spline derivative at x=3.00: spline=4.142857, analytical=4.000000, diff=0.142857 [FINITE]
  Spline derivative at x=4.00: spline=5.428571, analytical=6.000000, diff=0.571429 [FINITE]

Derivatives between data points:
  Spline derivative at x=0.50: spline=-1.107143, analytical=-1.000000, diff=0.107143 [VALID]
  Spline derivative at x=1.50: spline=1.035714, analytical=1.000000, diff=0.035714 [VALID]
  Spline derivative at x=2.50: spline=2.964286, analytical=3.000000, diff=0.035714 [VALID]
  Spline derivative at x=3.50: spline=5.107143, analytical=5.000000, diff=0.107143 [VALID]
[       OK ] CubicSplineInterpolationTest.DerivativeCalculation (0 ms)
[ RUN      ] CubicSplineInterpolationTest.SecondDerivativeCalculation

=== Cubic Spline - Second Derivatives ===
Test Data:
  X:      0.0     1.0     2.0     3.0     4.0
  Y:    1.000   0.000   1.000   4.000   9.000

Second derivatives:
  NOTE: Test function f(x) = x² - 2x + 1, so f''(x) = 2 (constant)
  Natural spline boundary condition: f''(0) = f''(4) = 0 (REQUIRED)
  Interior points: spline f''(x) will differ from analytical f''(x) = 2

  Boundary at x=0.00: spline=0.000000, required=0.000000, diff=0.000000 [PASS]
  Interior at x=1.00: spline=2.571429, analytical=2.000000, diff=0.571429 [PASS]
  Interior at x=2.00: spline=1.714286, analytical=2.000000, diff=0.285714 [PASS]
  Interior at x=3.00: spline=2.571429, analytical=2.000000, diff=0.571429 [PASS]
  Boundary at x=4.00: spline=0.000000, required=0.000000, diff=0.000000 [PASS]
[       OK ] CubicSplineInterpolationTest.SecondDerivativeCalculation (0 ms)
[ RUN      ] CubicSplineInterpolationTest.ExtrapolationBehavior
  Left extrapolation at x=-1.000000: 2.000000 [FINITE]
  Right extrapolation at x=5.000000: 2.000000 [FINITE]
[       OK ] CubicSplineInterpolationTest.ExtrapolationBehavior (0 ms)
[ RUN      ] CubicSplineInterpolationTest.BoundaryConditions
[       OK ] CubicSplineInterpolationTest.BoundaryConditions (0 ms)
[----------] 6 tests from CubicSplineInterpolationTest (0 ms total)

[----------] 2 tests from InterpolationComparisonTest
[ RUN      ] InterpolationComparisonTest.AgreementAtDataPoints

=== Comparison - Agreement at Data Points ===
Test Data:
  X:      0.0     0.5     1.0     1.5     2.0     2.5     3.0
  Y:    1.000   0.800   0.600   0.400   0.200   0.000  -0.200

Comparing Linear vs Cubic Spline at data points:
  Point 0 (x=0.0): Linear=1.000000, Cubic=1.000000, Diff=0.000000 [AGREE]
  Point 1 (x=0.5): Linear=0.800000, Cubic=0.800000, Diff=0.000000 [AGREE]
  Point 2 (x=1.0): Linear=0.600000, Cubic=0.600000, Diff=0.000000 [AGREE]
  Point 3 (x=1.5): Linear=0.400000, Cubic=0.400000, Diff=0.000000 [AGREE]
  Point 4 (x=2.0): Linear=0.200000, Cubic=0.200000, Diff=0.000000 [AGREE]
  Point 5 (x=2.5): Linear=0.000000, Cubic=0.000000, Diff=0.000000 [AGREE]
  Point 6 (x=3.0): Linear=-0.200000, Cubic=-0.200000, Diff=0.000000 [AGREE]
[       OK ] InterpolationComparisonTest.AgreementAtDataPoints (0 ms)
[ RUN      ] InterpolationComparisonTest.SmoothnessComparison

=== Comparison - Smoothness Between Data Points ===
Test Data:
  X:      0.0     0.5     1.0     1.5     2.0     2.5     3.0
  Y:    1.000   0.800   0.600   0.400   0.200   0.000  -0.200

Comparing Linear vs Cubic Spline between data points:
  At x=0.25: Linear=0.900000, Cubic=0.900000 [VALID]
  At x=0.75: Linear=0.700000, Cubic=0.700000 [VALID]
  At x=1.25: Linear=0.500000, Cubic=0.500000 [VALID]
  At x=1.75: Linear=0.300000, Cubic=0.300000 [VALID]
  At x=2.25: Linear=0.100000, Cubic=0.100000 [VALID]
  At x=2.75: Linear=-0.100000, Cubic=-0.100000 [VALID]
[       OK ] InterpolationComparisonTest.SmoothnessComparison (0 ms)
[----------] 2 tests from InterpolationComparisonTest (0 ms total)

[----------] 2 tests from InterpolationEdgeCasesTest
[ RUN      ] InterpolationEdgeCasesTest.TwoPointLinearCase
[       OK ] InterpolationEdgeCasesTest.TwoPointLinearCase (0 ms)
[ RUN      ] InterpolationEdgeCasesTest.OutOfRangeDerivative
[       OK ] InterpolationEdgeCasesTest.OutOfRangeDerivative (0 ms)
[----------] 2 tests from InterpolationEdgeCasesTest (0 ms total)

[----------] 1 test from InterpolationPerformanceTest
[ RUN      ] InterpolationPerformanceTest.LargeDatasetHandling
[       OK ] InterpolationPerformanceTest.LargeDatasetHandling (0 ms)
[----------] 1 test from InterpolationPerformanceTest (0 ms total)

[----------] Global test environment tear-down
[==========] 17 tests from 5 test suites ran. (1 ms total)
[  PASSED  ] 17 tests.
<end of output>
Test time =   0.19 sec
----------------------------------------------------------
Test Passed.
"VolatilitySurfaceInterpolation" end time: Nov 23 09:24 CET
"VolatilitySurfaceInterpolation" time elapsed: 00:00:00
----------------------------------------------------------

3/10 Testing: VolatilitySurfaceDupire
3/10 Test: VolatilitySurfaceDupire
Command: "/Users/patrikliba/CLionProjects/CppFM/build/test_dupire"
Directory: /Users/patrikliba/CLionProjects/CppFM/build
"VolatilitySurfaceDupire" start time: Nov 23 09:24 CET
Output:
----------------------------------------------------------
Running main() from /Users/patrikliba/CLionProjects/CppFM/build/_deps/googletest-src/googletest/src/gtest_main.cc
[==========] Running 0 tests from 0 test suites.
[==========] 0 tests from 0 test suites ran. (0 ms total)
[  PASSED  ] 0 tests.
<end of output>
Test time =   0.20 sec
----------------------------------------------------------
Test Passed.
"VolatilitySurfaceDupire" end time: Nov 23 09:24 CET
"VolatilitySurfaceDupire" time elapsed: 00:00:00
----------------------------------------------------------

4/10 Testing: VolatilitySurfaceBlackScholes
4/10 Test: VolatilitySurfaceBlackScholes
Command: "/Users/patrikliba/CLionProjects/CppFM/build/test_black_scholes"
Directory: /Users/patrikliba/CLionProjects/CppFM/build
"VolatilitySurfaceBlackScholes" start time: Nov 23 09:24 CET
Output:
----------------------------------------------------------
Running main() from /Users/patrikliba/CLionProjects/CppFM/build/_deps/googletest-src/googletest/src/gtest_main.cc
[==========] Running 0 tests from 0 test suites.
[==========] 0 tests from 0 test suites ran. (0 ms total)
[  PASSED  ] 0 tests.
<end of output>
Test time =   0.19 sec
----------------------------------------------------------
Test Passed.
"VolatilitySurfaceBlackScholes" end time: Nov 23 09:24 CET
"VolatilitySurfaceBlackScholes" time elapsed: 00:00:00
----------------------------------------------------------

5/10 Testing: VolatilitySurfaceGreeks
5/10 Test: VolatilitySurfaceGreeks
Command: "/Users/patrikliba/CLionProjects/CppFM/build/test_greeks"
Directory: /Users/patrikliba/CLionProjects/CppFM/build
"VolatilitySurfaceGreeks" start time: Nov 23 09:24 CET
Output:
----------------------------------------------------------
Running main() from /Users/patrikliba/CLionProjects/CppFM/build/_deps/googletest-src/googletest/src/gtest_main.cc
[==========] Running 43 tests from 1 test suite.
[----------] Global test environment set-up.
[----------] 43 tests from GreeksTest
[ RUN      ] GreeksTest.DeltaCallBasic
[       OK ] GreeksTest.DeltaCallBasic (0 ms)
[ RUN      ] GreeksTest.DeltaPutBasic
[       OK ] GreeksTest.DeltaPutBasic (0 ms)
[ RUN      ] GreeksTest.DeltaPutCallParity
[       OK ] GreeksTest.DeltaPutCallParity (0 ms)
[ RUN      ] GreeksTest.DeltaMoneyness
[       OK ] GreeksTest.DeltaMoneyness (0 ms)
[ RUN      ] GreeksTest.DeltaAtMaturity
[       OK ] GreeksTest.DeltaAtMaturity (0 ms)
[ RUN      ] GreeksTest.DeltaNumericalVerification
[       OK ] GreeksTest.DeltaNumericalVerification (0 ms)
[ RUN      ] GreeksTest.GammaBasic
[       OK ] GreeksTest.GammaBasic (0 ms)
[ RUN      ] GreeksTest.GammaMoneyness
[       OK ] GreeksTest.GammaMoneyness (0 ms)
[ RUN      ] GreeksTest.GammaAtMaturity
[       OK ] GreeksTest.GammaAtMaturity (0 ms)
[ RUN      ] GreeksTest.GammaNumericalVerification
[       OK ] GreeksTest.GammaNumericalVerification (0 ms)
[ RUN      ] GreeksTest.GammaPutCallIdentity
[       OK ] GreeksTest.GammaPutCallIdentity (0 ms)
[ RUN      ] GreeksTest.VegaBasic
[       OK ] GreeksTest.VegaBasic (0 ms)
[ RUN      ] GreeksTest.VegaMoneyness
[       OK ] GreeksTest.VegaMoneyness (0 ms)
[ RUN      ] GreeksTest.VegaAtMaturity
[       OK ] GreeksTest.VegaAtMaturity (0 ms)
[ RUN      ] GreeksTest.VegaTimeEffect
[       OK ] GreeksTest.VegaTimeEffect (0 ms)
[ RUN      ] GreeksTest.VegaNumericalVerification
[       OK ] GreeksTest.VegaNumericalVerification (0 ms)
[ RUN      ] GreeksTest.VegaPutCallIdentity
[       OK ] GreeksTest.VegaPutCallIdentity (0 ms)
[ RUN      ] GreeksTest.ThetaCallBasic
[       OK ] GreeksTest.ThetaCallBasic (0 ms)
[ RUN      ] GreeksTest.ThetaPutBasic
[       OK ] GreeksTest.ThetaPutBasic (0 ms)
[ RUN      ] GreeksTest.ThetaAtMaturity
[       OK ] GreeksTest.ThetaAtMaturity (0 ms)
[ RUN      ] GreeksTest.ThetaMoneyness
[       OK ] GreeksTest.ThetaMoneyness (0 ms)
[ RUN      ] GreeksTest.ThetaNumericalVerification
[       OK ] GreeksTest.ThetaNumericalVerification (0 ms)
[ RUN      ] GreeksTest.RhoCallBasic
[       OK ] GreeksTest.RhoCallBasic (0 ms)
[ RUN      ] GreeksTest.RhoPutBasic
[       OK ] GreeksTest.RhoPutBasic (0 ms)
[ RUN      ] GreeksTest.RhoAtMaturity
[       OK ] GreeksTest.RhoAtMaturity (0 ms)
[ RUN      ] GreeksTest.RhoTimeEffect
[       OK ] GreeksTest.RhoTimeEffect (0 ms)
[ RUN      ] GreeksTest.RhoNumericalVerification
[       OK ] GreeksTest.RhoNumericalVerification (0 ms)
[ RUN      ] GreeksTest.VannaBasic
[       OK ] GreeksTest.VannaBasic (0 ms)
[ RUN      ] GreeksTest.VannaAtMaturity
[       OK ] GreeksTest.VannaAtMaturity (0 ms)
[ RUN      ] GreeksTest.VannaPutCallIdentity
[       OK ] GreeksTest.VannaPutCallIdentity (0 ms)
[ RUN      ] GreeksTest.VolgaBasic
[       OK ] GreeksTest.VolgaBasic (0 ms)
[ RUN      ] GreeksTest.VolgaMoneyness
[       OK ] GreeksTest.VolgaMoneyness (0 ms)
[ RUN      ] GreeksTest.VolgaAtMaturity
[       OK ] GreeksTest.VolgaAtMaturity (0 ms)
[ RUN      ] GreeksTest.VolgaNumericalVerification
[       OK ] GreeksTest.VolgaNumericalVerification (0 ms)
[ RUN      ] GreeksTest.DeltaWithDiscountCurve
[       OK ] GreeksTest.DeltaWithDiscountCurve (0 ms)
[ RUN      ] GreeksTest.VegaWithDiscountCurve
[       OK ] GreeksTest.VegaWithDiscountCurve (0 ms)
[ RUN      ] GreeksTest.ThetaWithDiscountCurve
[       OK ] GreeksTest.ThetaWithDiscountCurve (0 ms)
[ RUN      ] GreeksTest.GammaWithDiscountCurve
[       OK ] GreeksTest.GammaWithDiscountCurve (0 ms)
[ RUN      ] GreeksTest.BlackScholesGammaVegaRelationship
[       OK ] GreeksTest.BlackScholesGammaVegaRelationship (0 ms)
[ RUN      ] GreeksTest.ParameterSensitivityConsistency
[       OK ] GreeksTest.ParameterSensitivityConsistency (0 ms)
[ RUN      ] GreeksTest.HighVolatilityRegime
[       OK ] GreeksTest.HighVolatilityRegime (0 ms)
[ RUN      ] GreeksTest.LongMaturity
[       OK ] GreeksTest.LongMaturity (0 ms)
[ RUN      ] GreeksTest.ShortMaturity
[       OK ] GreeksTest.ShortMaturity (0 ms)
[----------] 43 tests from GreeksTest (0 ms total)

[----------] Global test environment tear-down
[==========] 43 tests from 1 test suite ran. (0 ms total)
[  PASSED  ] 43 tests.
<end of output>
Test time =   0.19 sec
----------------------------------------------------------
Test Passed.
"VolatilitySurfaceGreeks" end time: Nov 23 09:24 CET
"VolatilitySurfaceGreeks" time elapsed: 00:00:00
----------------------------------------------------------

6/10 Testing: VolatilitySurfaceIntegration
6/10 Test: VolatilitySurfaceIntegration
Command: "/Users/patrikliba/CLionProjects/CppFM/build/test_integration"
Directory: /Users/patrikliba/CLionProjects/CppFM/build
"VolatilitySurfaceIntegration" start time: Nov 23 09:24 CET
Output:
----------------------------------------------------------
[==========] Running 4 tests from 2 test suites.
[----------] Global test environment set-up.
[----------] 2 tests from BankAccountTest
[ RUN      ] BankAccountTest.BankAccountStatsEmpty
[       OK ] BankAccountTest.BankAccountStatsEmpty (0 ms)
[ RUN      ] BankAccountTest.CanDepositMoney
[       OK ] BankAccountTest.CanDepositMoney (0 ms)
[----------] 2 tests from BankAccountTest (0 ms total)

[----------] 2 tests from Default/WithdrawAccountTest
[ RUN      ] Default/WithdrawAccountTest.FinalBalance/0
[       OK ] Default/WithdrawAccountTest.FinalBalance/0 (0 ms)
[ RUN      ] Default/WithdrawAccountTest.FinalBalance/1
[       OK ] Default/WithdrawAccountTest.FinalBalance/1 (0 ms)
[----------] 2 tests from Default/WithdrawAccountTest (0 ms total)

[----------] Global test environment tear-down
[==========] 4 tests from 2 test suites ran. (0 ms total)
[  PASSED  ] 4 tests.
<end of output>
Test time =   0.20 sec
----------------------------------------------------------
Test Passed.
"VolatilitySurfaceIntegration" end time: Nov 23 09:24 CET
"VolatilitySurfaceIntegration" time elapsed: 00:00:00
----------------------------------------------------------

7/10 Testing: PDESolver
7/10 Test: PDESolver
Command: "/Users/patrikliba/CLionProjects/CppFM/build/test_pde_solver"
Directory: /Users/patrikliba/CLionProjects/CppFM/build
"PDESolver" start time: Nov 23 09:24 CET
Output:
----------------------------------------------------------
Running main() from /Users/patrikliba/CLionProjects/CppFM/build/_deps/googletest-src/googletest/src/gtest_main.cc
[==========] Running 6 tests from 1 test suite.
[----------] Global test environment set-up.
[----------] 6 tests from PDESolverTest
[ RUN      ] PDESolverTest.HeatEquation_AnalyticalSolution

=== Heat Equation Test ===
Grid: 101 spatial points, 100 time steps
dt = 0.001, dx ≈ 0.01

--- Explicit Solver ---
unknown file: Failure
C++ exception with description "CFL stability condition violated for Explicit scheme!
  μ = 1.000000 > 0.5
  Solution: Increase time steps or use Implicit/CrankNicolson scheme." thrown in the test body.

[  FAILED  ] PDESolverTest.HeatEquation_AnalyticalSolution (0 ms)
[ RUN      ] PDESolverTest.BlackScholes_EuropeanCall

=== Black-Scholes European Call Test ===
Parameters: S0=100, K=100, r=0.05, σ=0.2, T=1
Grid: 201 spatial points, 200 time steps

--- Solving with Explicit ---

--- Solving with ImplicitSolver ---

--- Solving with Crank-Nicolson ---
unknown file: Failure
C++ exception with description "CFL stability condition violated for Explicit scheme!
  μ = 4.000000 > 0.5
  Solution: Increase time steps or use Implicit/CrankNicolson scheme." thrown in the test body.

[  FAILED  ] PDESolverTest.BlackScholes_EuropeanCall (0 ms)
[ RUN      ] PDESolverTest.Convergence_HeatEquation

=== Convergence Test ===

Refining grid to test convergence:
       N_x     Error (CN)          Ratio
        51   2.057413e-05       0.000000
       101   5.169376e-06       3.980002
       201   1.295583e-06       3.990001
       401   3.243011e-07       3.995000
[       OK ] PDESolverTest.Convergence_HeatEquation (35 ms)
[ RUN      ] PDESolverTest.DiffusionWithSource

=== Diffusion with Source Term ===
Solving diffusion equation with constant source term
Solution at x=0.5, t=0.500000: 0.231477

Solution profile at t=0.500000:
  x=0.000000: u=0.000000
  x=0.200000: u=0.168259
  x=0.400000: u=0.225635
  x=0.600000: u=0.225635
  x=0.800000: u=0.168259
  x=1.000000: u=0.000000
[       OK ] PDESolverTest.DiffusionWithSource (1 ms)
[ RUN      ] PDESolverTest.Grid_Uniform

=== Grid Test (Uniform) ===
Uniform grid test passed
[       OK ] PDESolverTest.Grid_Uniform (0 ms)
[ RUN      ] PDESolverTest.Grid_LogSpaced

=== Grid Test (Log-Spaced) ===
Spacing near S_min: 0.258925
Spacing near S_max: 20.567177
Log-spaced grid test passed
[       OK ] PDESolverTest.Grid_LogSpaced (0 ms)
[----------] 6 tests from PDESolverTest (37 ms total)

[----------] Global test environment tear-down
[==========] 6 tests from 1 test suite ran. (37 ms total)
[  PASSED  ] 4 tests.
[  FAILED  ] 2 tests, listed below:
[  FAILED  ] PDESolverTest.HeatEquation_AnalyticalSolution
[  FAILED  ] PDESolverTest.BlackScholes_EuropeanCall

 2 FAILED TESTS
<end of output>
Test time =   0.23 sec
----------------------------------------------------------
Test Failed.
"PDESolver" end time: Nov 23 09:24 CET
"PDESolver" time elapsed: 00:00:00
----------------------------------------------------------

8/10 Testing: PDEStability
8/10 Test: PDEStability
Command: "/Users/patrikliba/CLionProjects/CppFM/build/test_pde_stability"
Directory: /Users/patrikliba/CLionProjects/CppFM/build
"PDEStability" start time: Nov 23 09:24 CET
Output:
----------------------------------------------------------
Running main() from /Users/patrikliba/CLionProjects/CppFM/build/_deps/googletest-src/googletest/src/gtest_main.cc
[==========] Running 3 tests from 1 test suite.
[----------] Global test environment set-up.
[----------] 3 tests from PDEStabilityTest
[ RUN      ] PDEStabilityTest.ExplicitEuler_StabilityCondition

=== Explicit Euler Stability Analysis ===

Stability condition: mu = α·Δt/Δx² ≤ 0.5

       N_x       N_t         Δx         Δt          μ      Max Error      Status
-----------------------------------------------------------------------------------
unknown file: Failure
C++ exception with description "CFL stability condition violated for Explicit scheme!
  μ = 1.000000 > 0.5
  Solution: Increase time steps or use Implicit/CrankNicolson scheme." thrown in the test body.

[  FAILED  ] PDEStabilityTest.ExplicitEuler_StabilityCondition (0 ms)
[ RUN      ] PDEStabilityTest.ImplicitVsExplicit_Efficiency

=== Implicit vs Explicit: Efficiency Comparison ===

Fixed spatial resolution: N_x = 101, Δx = 0.01
Time horizon: T = 1

Explicit method:
  Δt = 0.0004 (limited by stability)
  N_t = 2500 time steps required

Implicit method:
  Δt = 0.004 (no stability limit)
  N_t = 250 time steps required

Time step ratio: 10x

✓ Implicit methods can use much larger time steps!
✓ This often makes them faster overall despite the tridiagonal solve
[       OK ] PDEStabilityTest.ImplicitVsExplicit_Efficiency (0 ms)
[ RUN      ] PDEStabilityTest.BlackScholes_VariableCoefficients

=== Black-Scholes with Variable Coefficients ===

For Black-Scholes, diffusion coefficient varies with S:
  a(S) = 0.5·σ²·S²
  Maximum at S_max = 300
  a(S_max) = 1800

For stability with explicit method:
  ΔS = 1.5
  Required: Δt ≤ 0.000625
  Safe choice: Δt ≤ 0.0005
  This requires N_t ≥ 2001 time steps!

Testing explicit solver with safe time step...
Option price at S=100: 10.4502
Black-Scholes price: 10.4506
Relative error: 0.00326092%

✓ Explicit method works when stability condition is satisfied
[       OK ] PDEStabilityTest.BlackScholes_VariableCoefficients (89 ms)
[----------] 3 tests from PDEStabilityTest (89 ms total)

[----------] Global test environment tear-down
[==========] 3 tests from 1 test suite ran. (89 ms total)
[  PASSED  ] 2 tests.
[  FAILED  ] 1 test, listed below:
[  FAILED  ] PDEStabilityTest.ExplicitEuler_StabilityCondition

 1 FAILED TEST
<end of output>
Test time =   0.29 sec
----------------------------------------------------------
Test Failed.
"PDEStability" end time: Nov 23 09:24 CET
"PDEStability" time elapsed: 00:00:00
----------------------------------------------------------

9/10 Testing: TridiagonalSolver
9/10 Test: TridiagonalSolver
Command: "/Users/patrikliba/CLionProjects/CppFM/build/test_tridiagonal_solver"
Directory: /Users/patrikliba/CLionProjects/CppFM/build
"TridiagonalSolver" start time: Nov 23 09:24 CET
Output:
----------------------------------------------------------
Running main() from /Users/patrikliba/CLionProjects/CppFM/build/_deps/googletest-src/googletest/src/gtest_main.cc
[==========] Running 7 tests from 1 test suite.
[----------] Global test environment set-up.
[----------] 7 tests from TridiagonalSolverTest
[ RUN      ] TridiagonalSolverTest.Simple3x3System
Simple 3x3 test passed: x = [0, 1, 0]
[       OK ] TridiagonalSolverTest.Simple3x3System (0 ms)
[ RUN      ] TridiagonalSolverTest.IdentitySystem
[       OK ] TridiagonalSolverTest.IdentitySystem (0 ms)
[ RUN      ] TridiagonalSolverTest.LaplacianMatrix
Laplacian test solution: [2, 3, 3, 2]
[       OK ] TridiagonalSolverTest.LaplacianMatrix (0 ms)
[ RUN      ] TridiagonalSolverTest.LargeSystem
Large system (N=100) max error: 1.42109e-14
[       OK ] TridiagonalSolverTest.LargeSystem (0 ms)
[ RUN      ] TridiagonalSolverTest.SingularMatrix
[       OK ] TridiagonalSolverTest.SingularMatrix (0 ms)
[ RUN      ] TridiagonalSolverTest.SizeMismatch
[       OK ] TridiagonalSolverTest.SizeMismatch (0 ms)
[ RUN      ] TridiagonalSolverTest.SingleEquation
[       OK ] TridiagonalSolverTest.SingleEquation (0 ms)
[----------] 7 tests from TridiagonalSolverTest (0 ms total)

[----------] Global test environment tear-down
[==========] 7 tests from 1 test suite ran. (0 ms total)
[  PASSED  ] 7 tests.
<end of output>
Test time =   0.19 sec
----------------------------------------------------------
Test Passed.
"TridiagonalSolver" end time: Nov 23 09:24 CET
"TridiagonalSolver" time elapsed: 00:00:00
----------------------------------------------------------

10/10 Testing: PDEGreeks
10/10 Test: PDEGreeks
Command: "/Users/patrikliba/CLionProjects/CppFM/build/test_pde_greeks"
Directory: /Users/patrikliba/CLionProjects/CppFM/build
"PDEGreeks" start time: Nov 23 09:24 CET
Output:
----------------------------------------------------------
Running main() from /Users/patrikliba/CLionProjects/CppFM/build/_deps/googletest-src/googletest/src/gtest_main.cc
[==========] Running 5 tests from 2 test suites.
[----------] Global test environment set-up.
[----------] 4 tests from PDEGreeksTest
[ RUN      ] PDEGreeksTest.AllGreeksMatchAnalytical
TEST 1: PDE Greeks for European Call:

TEST 2: PDE Greeks for European Put:
[       OK ] PDEGreeksTest.AllGreeksMatchAnalytical (67025 ms)
[ RUN      ] PDEGreeksTest.DeltaIsPositiveForCall
[       OK ] PDEGreeksTest.DeltaIsPositiveForCall (6559 ms)
[ RUN      ] PDEGreeksTest.GammaIsPositive
[       OK ] PDEGreeksTest.GammaIsPositive (6545 ms)
[ RUN      ] PDEGreeksTest.VegaIsPositive
[       OK ] PDEGreeksTest.VegaIsPositive (13466 ms)
[----------] 4 tests from PDEGreeksTest (93597 ms total)

[----------] 1 test from PDEGreeksConvergence
[ RUN      ] PDEGreeksConvergence.DeltaConvergesWithFinerGrid
[       OK ] PDEGreeksConvergence.DeltaConvergesWithFinerGrid (0 ms)
[----------] 1 test from PDEGreeksConvergence (0 ms total)

[----------] Global test environment tear-down
[==========] 5 tests from 2 test suites ran. (93597 ms total)
[  PASSED  ] 5 tests.
<end of output>
Test time =  93.79 sec
----------------------------------------------------------
Test Passed.
"PDEGreeks" end time: Nov 23 09:26 CET
"PDEGreeks" time elapsed: 00:01:33
----------------------------------------------------------

End testing: Nov 23 09:26 CET
