Start testing: Nov 06 07:33 CET
----------------------------------------------------------
Unable to find executable: /Users/patrikliba/CLionProjects/CppFM/build/test_volatility_surface_construction
1/10 Testing: VolatilitySurfaceConstruction
1/10 Test: VolatilitySurfaceConstruction
Command: ""
Directory: /Users/patrikliba/CLionProjects/CppFM/build
"VolatilitySurfaceConstruction" start time: 
Output:
----------------------------------------------------------
<end of output>
Test time =   0.00 sec
----------------------------------------------------------
Test Passed.
"VolatilitySurfaceConstruction" end time: Nov 06 07:33 CET
"VolatilitySurfaceConstruction" time elapsed: 00:00:00
----------------------------------------------------------

2/10 Testing: VolatilitySurfaceInterpolation
2/10 Test: VolatilitySurfaceInterpolation
Command: "/Users/patrikliba/CLionProjects/CppFM/build/test_interpolation"
Directory: /Users/patrikliba/CLionProjects/CppFM/build
"VolatilitySurfaceInterpolation" start time: Nov 06 07:33 CET
Output:
----------------------------------------------------------
Running main() from /Users/patrikliba/CLionProjects/CppFM/build/_deps/googletest-src/googletest/src/gtest_main.cc
[==========] Running 17 tests from 5 test suites.
[----------] Global test environment set-up.
[----------] 6 tests from LinearInterpolationTest
[ RUN      ] LinearInterpolationTest.ConstructorValidation
[       OK ] LinearInterpolationTest.ConstructorValidation (0 ms)
[ RUN      ] LinearInterpolationTest.InterpolationAtKnownPoints

=== Linear Interpolation - Exact Data Points ===
Test Data:
  X:      0.0     0.5     1.0     1.5     2.0     2.5     3.0
  Y:    1.000   0.800   0.600   0.400   0.200   0.000  -0.200
  Interpolation at x=0.00: expected=1.000000, actual=1.000000 [PASS]
  Interpolation at x=0.50: expected=0.800000, actual=0.800000 [PASS]
  Interpolation at x=1.00: expected=0.600000, actual=0.600000 [PASS]
  Interpolation at x=1.50: expected=0.400000, actual=0.400000 [PASS]
  Interpolation at x=2.00: expected=0.200000, actual=0.200000 [PASS]
  Interpolation at x=2.50: expected=0.000000, actual=0.000000 [PASS]
  Interpolation at x=3.00: expected=-0.200000, actual=-0.200000 [PASS]
[       OK ] LinearInterpolationTest.InterpolationAtKnownPoints (0 ms)
[ RUN      ] LinearInterpolationTest.InterpolationBetweenPoints

=== Linear Interpolation - Between Data Points ===
Test Data:
  X:      0.0     0.5     1.0     1.5     2.0     2.5     3.0
  Y:    1.000   0.800   0.600   0.400   0.200   0.000  -0.200
  Between (0.0,0.5) at x=0.25: expected=0.900000, actual=0.900000 [PASS]
  Between (1.0,1.5) at x=1.25: expected=0.500000, actual=0.500000 [PASS]
[       OK ] LinearInterpolationTest.InterpolationBetweenPoints (0 ms)
[ RUN      ] LinearInterpolationTest.ExtrapolationBehavior

=== Linear Interpolation - Extrapolation ===
Test Data:
  X:      0.0     0.5     1.0     1.5     2.0     2.5     3.0
  Y:    1.000   0.800   0.600   0.400   0.200   0.000  -0.200
  Left extrapolation at x=-0.50: expected=1.200000, actual=1.200000 [PASS]
  Right extrapolation at x=3.50: expected=-0.400000, actual=-0.400000 [PASS]
[       OK ] LinearInterpolationTest.ExtrapolationBehavior (0 ms)
[ RUN      ] LinearInterpolationTest.RangeFunctionality
[       OK ] LinearInterpolationTest.RangeFunctionality (0 ms)
[ RUN      ] LinearInterpolationTest.CloneFunctionality
[       OK ] LinearInterpolationTest.CloneFunctionality (0 ms)
[----------] 6 tests from LinearInterpolationTest (0 ms total)

[----------] 6 tests from CubicSplineInterpolationTest
[ RUN      ] CubicSplineInterpolationTest.ConstructorValidation
[       OK ] CubicSplineInterpolationTest.ConstructorValidation (0 ms)
[ RUN      ] CubicSplineInterpolationTest.InterpolationAtKnownPoints

=== Cubic Spline - Exact Data Points ===
Test Data:
  X:      0.0     1.0     2.0     3.0     4.0
  Y:    1.000   0.000   1.000   4.000   9.000
  Cubic spline at x=0.00: expected=1.000000, actual=1.000000 [PASS]
  Cubic spline at x=1.00: expected=0.000000, actual=0.000000 [PASS]
  Cubic spline at x=2.00: expected=1.000000, actual=1.000000 [PASS]
  Cubic spline at x=3.00: expected=4.000000, actual=4.000000 [PASS]
  Cubic spline at x=4.00: expected=9.000000, actual=9.000000 [PASS]
[       OK ] CubicSplineInterpolationTest.InterpolationAtKnownPoints (0 ms)
[ RUN      ] CubicSplineInterpolationTest.DerivativeCalculation

=== Cubic Spline - Derivatives ===
Test Data:
  X:      0.0     1.0     2.0     3.0     4.0
  Y:    1.000   0.000   1.000   4.000   9.000

Derivatives at data points:
  NOTE: Test function is f(x) = x² - 2x + 1, so f'(x) = 2x - 2
  Cubic splines create smooth curves but may not match analytical derivatives exactly
  Spline derivative at x=0.00: spline=-1.428571, analytical=-2.000000, diff=0.571429 [FINITE]
  Spline derivative at x=1.00: spline=-0.142857, analytical=0.000000, diff=0.142857 [FINITE]
  Spline derivative at x=2.00: spline=2.000000, analytical=2.000000, diff=0.000000 [FINITE]
  Spline derivative at x=3.00: spline=4.142857, analytical=4.000000, diff=0.142857 [FINITE]
  Spline derivative at x=4.00: spline=5.428571, analytical=6.000000, diff=0.571429 [FINITE]

Derivatives between data points:
  Spline derivative at x=0.50: spline=-1.107143, analytical=-1.000000, diff=0.107143 [VALID]
  Spline derivative at x=1.50: spline=1.035714, analytical=1.000000, diff=0.035714 [VALID]
  Spline derivative at x=2.50: spline=2.964286, analytical=3.000000, diff=0.035714 [VALID]
  Spline derivative at x=3.50: spline=5.107143, analytical=5.000000, diff=0.107143 [VALID]
[       OK ] CubicSplineInterpolationTest.DerivativeCalculation (0 ms)
[ RUN      ] CubicSplineInterpolationTest.SecondDerivativeCalculation

=== Cubic Spline - Second Derivatives ===
Test Data:
  X:      0.0     1.0     2.0     3.0     4.0
  Y:    1.000   0.000   1.000   4.000   9.000

Second derivatives:
  NOTE: Test function f(x) = x² - 2x + 1, so f''(x) = 2 (constant)
  Natural spline boundary condition: f''(0) = f''(4) = 0 (REQUIRED)
  Interior points: spline f''(x) will differ from analytical f''(x) = 2

  Boundary at x=0.00: spline=0.000000, required=0.000000, diff=0.000000 [PASS]
  Interior at x=1.00: spline=2.571429, analytical=2.000000, diff=0.571429 [PASS]
  Interior at x=2.00: spline=1.714286, analytical=2.000000, diff=0.285714 [PASS]
  Interior at x=3.00: spline=2.571429, analytical=2.000000, diff=0.571429 [PASS]
  Boundary at x=4.00: spline=0.000000, required=0.000000, diff=0.000000 [PASS]
[       OK ] CubicSplineInterpolationTest.SecondDerivativeCalculation (0 ms)
[ RUN      ] CubicSplineInterpolationTest.ExtrapolationBehavior
[       OK ] CubicSplineInterpolationTest.ExtrapolationBehavior (0 ms)
[ RUN      ] CubicSplineInterpolationTest.BoundaryConditions
[       OK ] CubicSplineInterpolationTest.BoundaryConditions (0 ms)
[----------] 6 tests from CubicSplineInterpolationTest (0 ms total)

[----------] 2 tests from InterpolationComparisonTest
[ RUN      ] InterpolationComparisonTest.AgreementAtDataPoints

=== Comparison - Agreement at Data Points ===
Test Data:
  X:      0.0     0.5     1.0     1.5     2.0     2.5     3.0
  Y:    1.000   0.800   0.600   0.400   0.200   0.000  -0.200

Comparing Linear vs Cubic Spline at data points:
  Point 0 (x=0.0): Linear=1.000000, Cubic=1.000000, Diff=0.000000 [AGREE]
  Point 1 (x=0.5): Linear=0.800000, Cubic=0.800000, Diff=0.000000 [AGREE]
  Point 2 (x=1.0): Linear=0.600000, Cubic=0.600000, Diff=0.000000 [AGREE]
  Point 3 (x=1.5): Linear=0.400000, Cubic=0.400000, Diff=0.000000 [AGREE]
  Point 4 (x=2.0): Linear=0.200000, Cubic=0.200000, Diff=0.000000 [AGREE]
  Point 5 (x=2.5): Linear=0.000000, Cubic=0.000000, Diff=0.000000 [AGREE]
  Point 6 (x=3.0): Linear=-0.200000, Cubic=-0.200000, Diff=0.000000 [AGREE]
[       OK ] InterpolationComparisonTest.AgreementAtDataPoints (0 ms)
[ RUN      ] InterpolationComparisonTest.SmoothnessComparison

=== Comparison - Smoothness Between Data Points ===
Test Data:
  X:      0.0     0.5     1.0     1.5     2.0     2.5     3.0
  Y:    1.000   0.800   0.600   0.400   0.200   0.000  -0.200

Comparing Linear vs Cubic Spline between data points:
  At x=0.25: Linear=0.900000, Cubic=0.900000 [VALID]
  At x=0.75: Linear=0.700000, Cubic=0.700000 [VALID]
  At x=1.25: Linear=0.500000, Cubic=0.500000 [VALID]
  At x=1.75: Linear=0.300000, Cubic=0.300000 [VALID]
  At x=2.25: Linear=0.100000, Cubic=0.100000 [VALID]
  At x=2.75: Linear=-0.100000, Cubic=-0.100000 [VALID]
[       OK ] InterpolationComparisonTest.SmoothnessComparison (0 ms)
[----------] 2 tests from InterpolationComparisonTest (0 ms total)

[----------] 2 tests from InterpolationEdgeCasesTest
[ RUN      ] InterpolationEdgeCasesTest.TwoPointLinearCase
[       OK ] InterpolationEdgeCasesTest.TwoPointLinearCase (0 ms)
[ RUN      ] InterpolationEdgeCasesTest.OutOfRangeDerivative
[       OK ] InterpolationEdgeCasesTest.OutOfRangeDerivative (0 ms)
[----------] 2 tests from InterpolationEdgeCasesTest (0 ms total)

[----------] 1 test from InterpolationPerformanceTest
[ RUN      ] InterpolationPerformanceTest.LargeDatasetHandling
[       OK ] InterpolationPerformanceTest.LargeDatasetHandling (0 ms)
[----------] 1 test from InterpolationPerformanceTest (0 ms total)

[----------] Global test environment tear-down
[==========] 17 tests from 5 test suites ran. (0 ms total)
[  PASSED  ] 17 tests.
<end of output>
Test time =   0.01 sec
----------------------------------------------------------
Test Passed.
"VolatilitySurfaceInterpolation" end time: Nov 06 07:33 CET
"VolatilitySurfaceInterpolation" time elapsed: 00:00:00
----------------------------------------------------------

Unable to find executable: /Users/patrikliba/CLionProjects/CppFM/build/test_dupire
3/10 Testing: VolatilitySurfaceDupire
3/10 Test: VolatilitySurfaceDupire
Command: ""
Directory: /Users/patrikliba/CLionProjects/CppFM/build
"VolatilitySurfaceDupire" start time: 
Output:
----------------------------------------------------------
<end of output>
Test time =   0.00 sec
----------------------------------------------------------
Test Passed.
"VolatilitySurfaceDupire" end time: Nov 06 07:33 CET
"VolatilitySurfaceDupire" time elapsed: 00:00:00
----------------------------------------------------------

Unable to find executable: /Users/patrikliba/CLionProjects/CppFM/build/test_black_scholes
4/10 Testing: VolatilitySurfaceBlackScholes
4/10 Test: VolatilitySurfaceBlackScholes
Command: ""
Directory: /Users/patrikliba/CLionProjects/CppFM/build
"VolatilitySurfaceBlackScholes" start time: 
Output:
----------------------------------------------------------
<end of output>
Test time =   0.00 sec
----------------------------------------------------------
Test Passed.
"VolatilitySurfaceBlackScholes" end time: Nov 06 07:33 CET
"VolatilitySurfaceBlackScholes" time elapsed: 00:00:00
----------------------------------------------------------

Unable to find executable: /Users/patrikliba/CLionProjects/CppFM/build/test_greeks
5/10 Testing: VolatilitySurfaceGreeks
5/10 Test: VolatilitySurfaceGreeks
Command: ""
Directory: /Users/patrikliba/CLionProjects/CppFM/build
"VolatilitySurfaceGreeks" start time: 
Output:
----------------------------------------------------------
<end of output>
Test time =   0.00 sec
----------------------------------------------------------
Test Passed.
"VolatilitySurfaceGreeks" end time: Nov 06 07:33 CET
"VolatilitySurfaceGreeks" time elapsed: 00:00:00
----------------------------------------------------------

Unable to find executable: /Users/patrikliba/CLionProjects/CppFM/build/test_integration
6/10 Testing: VolatilitySurfaceIntegration
6/10 Test: VolatilitySurfaceIntegration
Command: ""
Directory: /Users/patrikliba/CLionProjects/CppFM/build
"VolatilitySurfaceIntegration" start time: 
Output:
----------------------------------------------------------
<end of output>
Test time =   0.00 sec
----------------------------------------------------------
Test Passed.
"VolatilitySurfaceIntegration" end time: Nov 06 07:33 CET
"VolatilitySurfaceIntegration" time elapsed: 00:00:00
----------------------------------------------------------

7/10 Testing: PDESolver
7/10 Test: PDESolver
Command: "/Users/patrikliba/CLionProjects/CppFM/build/test_pde_solver"
Directory: /Users/patrikliba/CLionProjects/CppFM/build
"PDESolver" start time: Nov 06 07:33 CET
Output:
----------------------------------------------------------
Running main() from /Users/patrikliba/CLionProjects/CppFM/build/_deps/googletest-src/googletest/src/gtest_main.cc
[==========] Running 6 tests from 1 test suite.
[----------] Global test environment set-up.
[----------] 6 tests from PDESolverTest
[ RUN      ] PDESolverTest.HeatEquation_AnalyticalSolution

=== Heat Equation Test ===
Grid: 101 spatial points, 100 time steps
dt = 0.001, dx ≈ 0.01

--- Explicit Solver ---
Max error (Explicit): 4.04332e+31

--- Implicit Solver ---
Max error (Implicit): 5.14467e-05

--- Crank-Nicolson Solver ---
Max error (Crank-Nicolson): 7.34706e-06

Sample comparison at x = 0.5:
Analytical:      0.906018
Explicit:        -4.67086e+30
Implicit:        0.90607
Crank-Nicolson:  0.906025
/Users/patrikliba/CLionProjects/CppFM/tests/test_pde_solver.cpp:113: Failure
Expected: (max_error_explicit) < (0.01), actual: 4.0433244696871201e+31 vs 0.01
Explicit solver error too large

[  FAILED  ] PDESolverTest.HeatEquation_AnalyticalSolution (4 ms)
[ RUN      ] PDESolverTest.BlackScholes_EuropeanCall

=== Black-Scholes European Call Test ===
Parameters: S0=100, K=100, r=0.05, σ=0.2, T=1
Grid: 201 spatial points, 200 time steps

--- Solving with Explicit ---

--- Solving with ImplicitSolver ---

--- Solving with Crank-Nicolson ---

Results at S = 100:
PDE Price Explicit:            -1.97418e+163
PDE Price Implicit:            10.4445
PDE Price Crank-Nicolson:      10.4497
Black-Scholes Price:           10.4506

Price differences:
Difference Explicit:                 1.97418e+163
Relative Error Explicit:             1.88906e+164%
Difference Implicit:                 0.00611046
Relative Error Implicit:             0.0584701%
Difference Crank-Nicolson:           0.000859009
Relative Error Crank-Nicolson:       0.00821972%

Greeks at S = 100:
Delta (PDE) Explicit:        6.99725e+162
Delta (PDE) Implicit:        0.636754
Delta (PDE) Crank-Nicolson:  0.636847
Delta (BS):                  0.636831
Gamma (PDE) Explicit:        1.04456e+164
Gamma (PDE) Implicit:        0.018809
Gamma (PDE) Crank-Nicolson:  0.0187705
Gamma (BS):                  0.018762
/Users/patrikliba/CLionProjects/CppFM/tests/test_pde_solver.cpp:253: Failure
Expected: (rel_errorE) < (0.005), actual: 1.889062265480072e+162 vs 0.005
PDE Explicit price differs from Black-Scholes by more than 0.5%

/Users/patrikliba/CLionProjects/CppFM/tests/test_pde_solver.cpp:256: Failure
Expected: (delta_errorE) < (0.01), actual: 6.9972469528794902e+162 vs 0.01
Delta Explicit error too large

[  FAILED  ] PDESolverTest.BlackScholes_EuropeanCall (21 ms)
[ RUN      ] PDESolverTest.Convergence_HeatEquation

=== Convergence Test ===

Refining grid to test convergence:
       N_x     Error (CN)          Ratio
        51   2.057413e-05       0.000000
       101   5.169376e-06       3.980002
       201   1.295583e-06       3.990001
       401   3.243012e-07       3.994998
[       OK ] PDESolverTest.Convergence_HeatEquation (34 ms)
[ RUN      ] PDESolverTest.DiffusionWithSource

=== Diffusion with Source Term ===
Solving diffusion equation with constant source term
Solution at x=0.5, t=0.500000: 0.462953

Solution profile at t=0.500000:
  x=0.000000: u=0.000000
  x=0.200000: u=0.336517
  x=0.400000: u=0.451269
  x=0.600000: u=0.451269
  x=0.800000: u=0.336517
  x=1.000000: u=0.000000
[       OK ] PDESolverTest.DiffusionWithSource (1 ms)
[ RUN      ] PDESolverTest.Grid_Uniform

=== Grid Test (Uniform) ===
Uniform grid test passed
[       OK ] PDESolverTest.Grid_Uniform (0 ms)
[ RUN      ] PDESolverTest.Grid_LogSpaced

=== Grid Test (Log-Spaced) ===
Spacing near S_min: 0.258925
Spacing near S_max: 20.567177
Log-spaced grid test passed
[       OK ] PDESolverTest.Grid_LogSpaced (0 ms)
[----------] 6 tests from PDESolverTest (61 ms total)

[----------] Global test environment tear-down
[==========] 6 tests from 1 test suite ran. (61 ms total)
[  PASSED  ] 4 tests.
[  FAILED  ] 2 tests, listed below:
[  FAILED  ] PDESolverTest.HeatEquation_AnalyticalSolution
[  FAILED  ] PDESolverTest.BlackScholes_EuropeanCall

 2 FAILED TESTS
<end of output>
Test time =   0.07 sec
----------------------------------------------------------
Test Failed.
"PDESolver" end time: Nov 06 07:33 CET
"PDESolver" time elapsed: 00:00:00
----------------------------------------------------------

8/10 Testing: PDEStability
8/10 Test: PDEStability
Command: "/Users/patrikliba/CLionProjects/CppFM/build/test_pde_stability"
Directory: /Users/patrikliba/CLionProjects/CppFM/build
"PDEStability" start time: Nov 06 07:33 CET
Output:
----------------------------------------------------------
Running main() from /Users/patrikliba/CLionProjects/CppFM/build/_deps/googletest-src/googletest/src/gtest_main.cc
[==========] Running 3 tests from 1 test suite.
[----------] Global test environment set-up.
[----------] 3 tests from PDEStabilityTest
[ RUN      ] PDEStabilityTest.ExplicitEuler_StabilityCondition

=== Explicit Euler Stability Analysis ===

Stability condition: mu = α·Δt/Δx² ≤ 0.5

       N_x       N_t         Δx         Δt          μ      Max Error      Status
-----------------------------------------------------------------------------------
       101       100    0.010000    0.001000    1.000000   4.043324e+31    UNSTABLE
       101       200    0.010000    0.000500    0.500000   1.471282e-05    MARGINAL
       101       400    0.010000    0.000250    0.250000   3.677501e-06      STABLE

✓ Explicit method requires μ ≤ 0.5 for stability
✓ Implicit and Crank-Nicolson are unconditionally stable
[       OK ] PDEStabilityTest.ExplicitEuler_StabilityCondition (4 ms)
[ RUN      ] PDEStabilityTest.ImplicitVsExplicit_Efficiency

=== Implicit vs Explicit: Efficiency Comparison ===

Fixed spatial resolution: N_x = 101, Δx = 1.000000e-02
Time horizon: T = 1.000000e+00

Explicit method:
  Δt = 4.000000e-04 (limited by stability)
  N_t = 2500 time steps required

Implicit method:
  Δt = 4.000000e-03 (no stability limit)
  N_t = 250 time steps required

Time step ratio: 1.000000e+01x

✓ Implicit methods can use much larger time steps!
✓ This often makes them faster overall despite the tridiagonal solve
[       OK ] PDEStabilityTest.ImplicitVsExplicit_Efficiency (0 ms)
[ RUN      ] PDEStabilityTest.BlackScholes_VariableCoefficients

=== Black-Scholes with Variable Coefficients ===

For Black-Scholes, diffusion coefficient varies with S:
  a(S) = 0.5·σ²·S²
  Maximum at S_max = 3.000000e+02
  a(S_max) = 1.800000e+03

For stability with explicit method:
  ΔS = 1.500000e+00
  Required: Δt ≤ 6.250000e-04
  Safe choice: Δt ≤ 5.000000e-04
  This requires N_t ≥ 2001 time steps!

Testing explicit solver with safe time step...
Option price at S=1.000000e+02: 1.045024e+01
Black-Scholes price: 1.045058e+01
Relative error: 3.260924e-03%

✓ Explicit method works when stability condition is satisfied
[       OK ] PDEStabilityTest.BlackScholes_VariableCoefficients (46 ms)
[----------] 3 tests from PDEStabilityTest (51 ms total)

[----------] Global test environment tear-down
[==========] 3 tests from 1 test suite ran. (51 ms total)
[  PASSED  ] 3 tests.
<end of output>
Test time =   0.06 sec
----------------------------------------------------------
Test Passed.
"PDEStability" end time: Nov 06 07:33 CET
"PDEStability" time elapsed: 00:00:00
----------------------------------------------------------

9/10 Testing: TridiagonalSolver
9/10 Test: TridiagonalSolver
Command: "/Users/patrikliba/CLionProjects/CppFM/build/test_tridiagonal_solver"
Directory: /Users/patrikliba/CLionProjects/CppFM/build
"TridiagonalSolver" start time: Nov 06 07:33 CET
Output:
----------------------------------------------------------
Running main() from /Users/patrikliba/CLionProjects/CppFM/build/_deps/googletest-src/googletest/src/gtest_main.cc
[==========] Running 7 tests from 1 test suite.
[----------] Global test environment set-up.
[----------] 7 tests from TridiagonalSolverTest
[ RUN      ] TridiagonalSolverTest.Simple3x3System
Simple 3x3 test passed: x = [0, 1, 0]
[       OK ] TridiagonalSolverTest.Simple3x3System (0 ms)
[ RUN      ] TridiagonalSolverTest.IdentitySystem
[       OK ] TridiagonalSolverTest.IdentitySystem (0 ms)
[ RUN      ] TridiagonalSolverTest.LaplacianMatrix
Laplacian test solution: [2, 3, 3, 2]
[       OK ] TridiagonalSolverTest.LaplacianMatrix (0 ms)
[ RUN      ] TridiagonalSolverTest.LargeSystem
Large system (N=100) max error: 1.42109e-14
[       OK ] TridiagonalSolverTest.LargeSystem (0 ms)
[ RUN      ] TridiagonalSolverTest.SingularMatrix
[       OK ] TridiagonalSolverTest.SingularMatrix (0 ms)
[ RUN      ] TridiagonalSolverTest.SizeMismatch
[       OK ] TridiagonalSolverTest.SizeMismatch (0 ms)
[ RUN      ] TridiagonalSolverTest.SingleEquation
[       OK ] TridiagonalSolverTest.SingleEquation (0 ms)
[----------] 7 tests from TridiagonalSolverTest (0 ms total)

[----------] Global test environment tear-down
[==========] 7 tests from 1 test suite ran. (0 ms total)
[  PASSED  ] 7 tests.
<end of output>
Test time =   0.01 sec
----------------------------------------------------------
Test Passed.
"TridiagonalSolver" end time: Nov 06 07:33 CET
"TridiagonalSolver" time elapsed: 00:00:00
----------------------------------------------------------

10/10 Testing: PDEGreeks
10/10 Test: PDEGreeks
Command: "/Users/patrikliba/CLionProjects/CppFM/build/test_pde_greeks"
Directory: /Users/patrikliba/CLionProjects/CppFM/build
"PDEGreeks" start time: Nov 06 07:33 CET
Output:
----------------------------------------------------------
Running main() from /Users/patrikliba/CLionProjects/CppFM/build/_deps/googletest-src/googletest/src/gtest_main.cc
[==========] Running 5 tests from 2 test suites.
[----------] Global test environment set-up.
[----------] 4 tests from PDEGreeksTest
[ RUN      ] PDEGreeksTest.AllGreeksMatchAnalytical
TEST 1: PDE Greeks for European Call:
/Users/patrikliba/CLionProjects/CppFM/tests/test_pde_greeks.cpp:137: Failure
The difference between greeksCall.value and BlackScholesFormulas::callPrice(S0, K, r, sigma, T) is 0.0029016943500632664, which exceeds OPTION_TOL, where
greeksCall.value evaluates to 10.453485266535628,
BlackScholesFormulas::callPrice(S0, K, r, sigma, T) evaluates to 10.450583572185565, and
OPTION_TOL evaluates to 0.001.

/Users/patrikliba/CLionProjects/CppFM/tests/test_pde_greeks.cpp:140: Failure
The difference between greeksCall.vega and BlackScholesFormulas::vega(S0, K, r, sigma, T) is 0.1685168018573151, which exceeds OPTION_TOL, where
greeksCall.vega evaluates to 37.692551493551107,
BlackScholesFormulas::vega(S0, K, r, sigma, T) evaluates to 37.524034691693792, and
OPTION_TOL evaluates to 0.001.

/Users/patrikliba/CLionProjects/CppFM/tests/test_pde_greeks.cpp:141: Failure
The difference between greeksCall.theta and BlackScholesFormulas::theta(S0, K, r, sigma, T, Option::Type::Call) is 0.01852048871969636, which exceeds OPTION_TOL, where
greeksCall.theta evaluates to -6.4325480351578932,
BlackScholesFormulas::theta(S0, K, r, sigma, T, Option::Type::Call) evaluates to -6.4140275464381968, and
OPTION_TOL evaluates to 0.001.

/Users/patrikliba/CLionProjects/CppFM/tests/test_pde_greeks.cpp:142: Failure
The difference between greeksCall.rho and BlackScholesFormulas::rho(S0, K, r, sigma, T, Option::Type::Call) is 0.03571662336472059, which exceeds OPTION_TOL, where
greeksCall.rho evaluates to 53.268198168741066,
BlackScholesFormulas::rho(S0, K, r, sigma, T, Option::Type::Call) evaluates to 53.232481545376345, and
OPTION_TOL evaluates to 0.001.

/Users/patrikliba/CLionProjects/CppFM/tests/test_pde_greeks.cpp:143: Failure
The difference between greeksCall.vanna and BlackScholesFormulas::vanna(S0, K, r, sigma, T) is 0.023363293637417959, which exceeds OPTION_TOL, where
greeksCall.vanna evaluates to -0.25806696655028549,
BlackScholesFormulas::vanna(S0, K, r, sigma, T) evaluates to -0.28143026018770345, and
OPTION_TOL evaluates to 0.001.

/Users/patrikliba/CLionProjects/CppFM/tests/test_pde_greeks.cpp:144: Failure
The difference between greeksCall.volga and BlackScholesFormulas::volga(S0, K, r, sigma, T) is 6.370221301138665, which exceeds OPTION_TOL, where
greeksCall.volga evaluates to 16.220280407708287,
BlackScholesFormulas::volga(S0, K, r, sigma, T) evaluates to 9.8500591065696224, and
OPTION_TOL evaluates to 0.001.


TEST 2: PDE Greeks for European Put:
/Users/patrikliba/CLionProjects/CppFM/tests/test_pde_greeks.cpp:150: Failure
The difference between greeksPut.value and BlackScholesFormulas::putPrice(S0, K, r, sigma, T) is 0.001327272479887398, which exceeds OPTION_TOL, where
greeksPut.value evaluates to 5.572198749777086,
BlackScholesFormulas::putPrice(S0, K, r, sigma, T) evaluates to 5.5735260222569734, and
OPTION_TOL evaluates to 0.001.

/Users/patrikliba/CLionProjects/CppFM/tests/test_pde_greeks.cpp:153: Failure
The difference between greeksPut.vega and BlackScholesFormulas::vega(S0, K, r, sigma, T) is 0.076567674878120329, which exceeds OPTION_TOL, where
greeksPut.vega evaluates to 37.447467016815672,
BlackScholesFormulas::vega(S0, K, r, sigma, T) evaluates to 37.524034691693792, and
OPTION_TOL evaluates to 0.001.

/Users/patrikliba/CLionProjects/CppFM/tests/test_pde_greeks.cpp:154: Failure
The difference between greeksPut.theta and BlackScholesFormulas::theta(S0, K, r, sigma, T, Option::Type::Put) is 0.0059875679363261547, which exceeds OPTION_TOL, where
greeksPut.theta evaluates to -1.6518928559982999,
BlackScholesFormulas::theta(S0, K, r, sigma, T, Option::Type::Put) evaluates to -1.6578804239346261, and
OPTION_TOL evaluates to 0.001.

/Users/patrikliba/CLionProjects/CppFM/tests/test_pde_greeks.cpp:155: Failure
The difference between greeksPut.rho and BlackScholesFormulas::rho(S0, K, r, sigma, T, Option::Type::Put) is 0.02187080911997441, which exceeds OPTION_TOL, where
greeksPut.rho evaluates to -41.868590095575087,
BlackScholesFormulas::rho(S0, K, r, sigma, T, Option::Type::Put) evaluates to -41.890460904695061, and
OPTION_TOL evaluates to 0.001.

/Users/patrikliba/CLionProjects/CppFM/tests/test_pde_greeks.cpp:156: Failure
The difference between greeksPut.vanna and BlackScholesFormulas::vanna(S0, K, r, sigma, T) is 0.012505258199707159, which exceeds OPTION_TOL, where
greeksPut.vanna evaluates to -0.26892500198799629,
BlackScholesFormulas::vanna(S0, K, r, sigma, T) evaluates to -0.28143026018770345, and
OPTION_TOL evaluates to 0.001.

/Users/patrikliba/CLionProjects/CppFM/tests/test_pde_greeks.cpp:157: Failure
The difference between greeksPut.volga and BlackScholesFormulas::volga(S0, K, r, sigma, T) is 4.3887467264634576, which exceeds OPTION_TOL, where
greeksPut.volga evaluates to 5.4613123801061647,
BlackScholesFormulas::volga(S0, K, r, sigma, T) evaluates to 9.8500591065696224, and
OPTION_TOL evaluates to 0.001.

[  FAILED  ] PDEGreeksTest.AllGreeksMatchAnalytical (177 ms)
[ RUN      ] PDEGreeksTest.DeltaIsPositiveForCall
[       OK ] PDEGreeksTest.DeltaIsPositiveForCall (17 ms)
[ RUN      ] PDEGreeksTest.GammaIsPositive
[       OK ] PDEGreeksTest.GammaIsPositive (17 ms)
[ RUN      ] PDEGreeksTest.VegaIsPositive
[       OK ] PDEGreeksTest.VegaIsPositive (35 ms)
[----------] 4 tests from PDEGreeksTest (249 ms total)

[----------] 1 test from PDEGreeksConvergence
[ RUN      ] PDEGreeksConvergence.DeltaConvergesWithFinerGrid
[       OK ] PDEGreeksConvergence.DeltaConvergesWithFinerGrid (0 ms)
[----------] 1 test from PDEGreeksConvergence (0 ms total)

[----------] Global test environment tear-down
[==========] 5 tests from 2 test suites ran. (249 ms total)
[  PASSED  ] 4 tests.
[  FAILED  ] 1 test, listed below:
[  FAILED  ] PDEGreeksTest.AllGreeksMatchAnalytical

 1 FAILED TEST
<end of output>
Test time =   0.25 sec
----------------------------------------------------------
Test Failed.
"PDEGreeks" end time: Nov 06 07:33 CET
"PDEGreeks" time elapsed: 00:00:00
----------------------------------------------------------

End testing: Nov 06 07:33 CET
